debug: Tue, 26 Oct 2021 12:37:36 GMT
debug: Project: C:\NewProject
debug: Targets: editor,preview
debug: Incremental file seems great.
debug: Engine path: C:\CocosDashboard_1.0.18\resources\.editors\Creator\3.3.1\resources\resources\3d\engine
debug: Initializing target [Editor]
debug: Loading cache
debug: Loading cache costs 4.657299995422363ms.
debug: Engine features shipped in editor: base,gfx-webgl,gfx-webgl2,3d,2d,ui,particle,particle-2d,physics-framework,physics-2d-framework,intersection-2d,primitive,profiler,audio,video,terrain,webview,tween,tiled-map,spine,dragon-bones
debug: Initializing target [Preview]
debug: Loading cache
debug: Loading cache costs 4.076899990439415ms.
debug: Sync engine features: base,gfx-webgl,gfx-webgl2,3d,2d,ui,particle,physics-ammo,physics-2d-box2d,intersection-2d,primitive,profiler,particle-2d,audio,video,webview,tween,terrain,tiled-map,spine,dragon-bones
debug: Pulling asset-db.
debug: Fetch asset-db cost: 45.438900008797646ms.
debug: Build iteration starts.
Number of accumulated asset changes: 21
Feature changed: false
debug: Target(editor) build started.
debug: Detected change: cce:/internal/x/cc. Last mtime: Thu Jan 01 1970 08:00:07 GMT+0800 (中国标准时间), Current mtime: Thu Jan 01 1970 08:00:06 GMT+0800 (中国标准时间)
debug: Inspect cce:/internal/x/cc
debug: Resolve cce:/internal/x/cc-fu/base from cce:/internal/x/cc as external dependency cce:/internal/x/cc-fu/base.
debug: Resolve cce:/internal/x/cc-fu/gfx-webgl from cce:/internal/x/cc as external dependency cce:/internal/x/cc-fu/gfx-webgl.
debug: Resolve cce:/internal/x/cc-fu/gfx-webgl2 from cce:/internal/x/cc as external dependency cce:/internal/x/cc-fu/gfx-webgl2.
debug: Resolve cce:/internal/x/cc-fu/3d from cce:/internal/x/cc as external dependency cce:/internal/x/cc-fu/3d.
debug: Resolve cce:/internal/x/cc-fu/2d from cce:/internal/x/cc as external dependency cce:/internal/x/cc-fu/2d.
debug: Resolve cce:/internal/x/cc-fu/ui from cce:/internal/x/cc as external dependency cce:/internal/x/cc-fu/ui.
debug: Resolve cce:/internal/x/cc-fu/particle from cce:/internal/x/cc as external dependency cce:/internal/x/cc-fu/particle.
debug: Resolve cce:/internal/x/cc-fu/particle-2d from cce:/internal/x/cc as external dependency cce:/internal/x/cc-fu/particle-2d.
debug: Resolve cce:/internal/x/cc-fu/physics-framework from cce:/internal/x/cc as external dependency cce:/internal/x/cc-fu/physics-framework.
debug: Resolve cce:/internal/x/cc-fu/physics-2d-framework from cce:/internal/x/cc as external dependency cce:/internal/x/cc-fu/physics-2d-framework.
debug: Resolve cce:/internal/x/cc-fu/intersection-2d from cce:/internal/x/cc as external dependency cce:/internal/x/cc-fu/intersection-2d.
debug: Resolve cce:/internal/x/cc-fu/primitive from cce:/internal/x/cc as external dependency cce:/internal/x/cc-fu/primitive.
debug: Resolve cce:/internal/x/cc-fu/profiler from cce:/internal/x/cc as external dependency cce:/internal/x/cc-fu/profiler.
debug: Resolve cce:/internal/x/cc-fu/audio from cce:/internal/x/cc as external dependency cce:/internal/x/cc-fu/audio.
debug: Resolve cce:/internal/x/cc-fu/video from cce:/internal/x/cc as external dependency cce:/internal/x/cc-fu/video.
debug: Resolve cce:/internal/x/cc-fu/terrain from cce:/internal/x/cc as external dependency cce:/internal/x/cc-fu/terrain.
debug: Resolve cce:/internal/x/cc-fu/webview from cce:/internal/x/cc as external dependency cce:/internal/x/cc-fu/webview.
debug: Resolve cce:/internal/x/cc-fu/tween from cce:/internal/x/cc as external dependency cce:/internal/x/cc-fu/tween.
debug: Resolve cce:/internal/x/cc-fu/tiled-map from cce:/internal/x/cc as external dependency cce:/internal/x/cc-fu/tiled-map.
debug: Resolve cce:/internal/x/cc-fu/spine from cce:/internal/x/cc as external dependency cce:/internal/x/cc-fu/spine.
debug: Resolve cce:/internal/x/cc-fu/dragon-bones from cce:/internal/x/cc as external dependency cce:/internal/x/cc-fu/dragon-bones.
debug: Detected change: cce:/internal/x/prerequisite-imports. Last mtime: Fri Jan 02 1970 05:39:00 GMT+0800 (中国标准时间), Current mtime: Thu Jan 01 1970 08:00:15 GMT+0800 (中国标准时间)
debug: Inspect cce:/internal/x/prerequisite-imports
debug: Resolve file:///C:/NewProject/assets/Scripts/battle-pp.ts from cce:/internal/x/prerequisite-imports as file:///C:/NewProject/assets/Scripts/battle-pp.ts.
debug: Resolve file:///C:/NewProject/assets/Scripts/battle1.ts from cce:/internal/x/prerequisite-imports as file:///C:/NewProject/assets/Scripts/battle1.ts.
debug: Resolve file:///C:/NewProject/assets/Scripts/club1.ts from cce:/internal/x/prerequisite-imports as file:///C:/NewProject/assets/Scripts/club1.ts.
debug: Resolve file:///C:/NewProject/assets/Scripts/club2.ts from cce:/internal/x/prerequisite-imports as file:///C:/NewProject/assets/Scripts/club2.ts.
debug: Resolve file:///C:/NewProject/assets/Scripts/diamond1.ts from cce:/internal/x/prerequisite-imports as file:///C:/NewProject/assets/Scripts/diamond1.ts.
debug: Resolve file:///C:/NewProject/assets/Scripts/diamond2.ts from cce:/internal/x/prerequisite-imports as file:///C:/NewProject/assets/Scripts/diamond2.ts.
debug: Resolve file:///C:/NewProject/assets/Scripts/global_variable.ts from cce:/internal/x/prerequisite-imports as file:///C:/NewProject/assets/Scripts/global_variable.ts.
debug: Resolve file:///C:/NewProject/assets/Scripts/heart2.ts from cce:/internal/x/prerequisite-imports as file:///C:/NewProject/assets/Scripts/heart2.ts.
debug: Resolve file:///C:/NewProject/assets/Scripts/heart1.ts from cce:/internal/x/prerequisite-imports as file:///C:/NewProject/assets/Scripts/heart1.ts.
debug: Resolve file:///C:/NewProject/assets/Scripts/return.ts from cce:/internal/x/prerequisite-imports as file:///C:/NewProject/assets/Scripts/return.ts.
debug: Resolve file:///C:/NewProject/assets/Scripts/spade1.ts from cce:/internal/x/prerequisite-imports as file:///C:/NewProject/assets/Scripts/spade1.ts.
debug: Resolve file:///C:/NewProject/assets/Scripts/spade2.ts from cce:/internal/x/prerequisite-imports as file:///C:/NewProject/assets/Scripts/spade2.ts.
debug: Resolve file:///C:/NewProject/assets/Scripts/start.ts from cce:/internal/x/prerequisite-imports as file:///C:/NewProject/assets/Scripts/start.ts.
debug: Resolve file:///C:/NewProject/assets/Scripts/te.ts from cce:/internal/x/prerequisite-imports as file:///C:/NewProject/assets/Scripts/te.ts.
debug: Resolve file:///C:/NewProject/assets/Scripts/test.ts from cce:/internal/x/prerequisite-imports as file:///C:/NewProject/assets/Scripts/test.ts.
debug: Resolve file:///C:/NewProject/assets/Scripts/time1.ts from cce:/internal/x/prerequisite-imports as file:///C:/NewProject/assets/Scripts/time1.ts.
debug: Resolve file:///C:/NewProject/assets/Scripts/time2.ts from cce:/internal/x/prerequisite-imports as file:///C:/NewProject/assets/Scripts/time2.ts.
debug: Resolve file:///C:/NewProject/assets/Scripts/toBattle1.ts from cce:/internal/x/prerequisite-imports as file:///C:/NewProject/assets/Scripts/toBattle1.ts.
debug: Resolve file:///C:/NewProject/assets/Scripts/toBattle2.ts from cce:/internal/x/prerequisite-imports as file:///C:/NewProject/assets/Scripts/toBattle2.ts.
debug: Resolve file:///C:/NewProject/assets/Scripts/toSignIn.ts from cce:/internal/x/prerequisite-imports as file:///C:/NewProject/assets/Scripts/toSignIn.ts.
debug: Resolve file:///C:/NewProject/assets/Scripts/ttt.ts from cce:/internal/x/prerequisite-imports as file:///C:/NewProject/assets/Scripts/ttt.ts.
debug: Target(editor) ends with cost 146.89060001075268ms.
debug: Target(preview) build started.
debug: Detected change: cce:/internal/x/cc. Last mtime: Thu Jan 01 1970 08:00:07 GMT+0800 (中国标准时间), Current mtime: Thu Jan 01 1970 08:00:06 GMT+0800 (中国标准时间)
debug: Inspect cce:/internal/x/cc
debug: Resolve cce:/internal/x/cc-fu/base from cce:/internal/x/cc as external dependency cce:/internal/x/cc-fu/base.
debug: Resolve cce:/internal/x/cc-fu/gfx-webgl from cce:/internal/x/cc as external dependency cce:/internal/x/cc-fu/gfx-webgl.
debug: Resolve cce:/internal/x/cc-fu/gfx-webgl2 from cce:/internal/x/cc as external dependency cce:/internal/x/cc-fu/gfx-webgl2.
debug: Resolve cce:/internal/x/cc-fu/3d from cce:/internal/x/cc as external dependency cce:/internal/x/cc-fu/3d.
debug: Resolve cce:/internal/x/cc-fu/2d from cce:/internal/x/cc as external dependency cce:/internal/x/cc-fu/2d.
debug: Resolve cce:/internal/x/cc-fu/ui from cce:/internal/x/cc as external dependency cce:/internal/x/cc-fu/ui.
debug: Resolve cce:/internal/x/cc-fu/particle from cce:/internal/x/cc as external dependency cce:/internal/x/cc-fu/particle.
debug: Resolve cce:/internal/x/cc-fu/physics-ammo from cce:/internal/x/cc as external dependency cce:/internal/x/cc-fu/physics-ammo.
debug: Resolve cce:/internal/x/cc-fu/physics-framework from cce:/internal/x/cc as external dependency cce:/internal/x/cc-fu/physics-framework.
debug: Resolve cce:/internal/x/cc-fu/wait-for-ammo-instantiation from cce:/internal/x/cc as external dependency cce:/internal/x/cc-fu/wait-for-ammo-instantiation.
debug: Resolve cce:/internal/x/cc-fu/physics-2d-box2d from cce:/internal/x/cc as external dependency cce:/internal/x/cc-fu/physics-2d-box2d.
debug: Resolve cce:/internal/x/cc-fu/physics-2d-framework from cce:/internal/x/cc as external dependency cce:/internal/x/cc-fu/physics-2d-framework.
debug: Resolve cce:/internal/x/cc-fu/intersection-2d from cce:/internal/x/cc as external dependency cce:/internal/x/cc-fu/intersection-2d.
debug: Resolve cce:/internal/x/cc-fu/primitive from cce:/internal/x/cc as external dependency cce:/internal/x/cc-fu/primitive.
debug: Resolve cce:/internal/x/cc-fu/profiler from cce:/internal/x/cc as external dependency cce:/internal/x/cc-fu/profiler.
debug: Resolve cce:/internal/x/cc-fu/particle-2d from cce:/internal/x/cc as external dependency cce:/internal/x/cc-fu/particle-2d.
debug: Resolve cce:/internal/x/cc-fu/audio from cce:/internal/x/cc as external dependency cce:/internal/x/cc-fu/audio.
debug: Resolve cce:/internal/x/cc-fu/video from cce:/internal/x/cc as external dependency cce:/internal/x/cc-fu/video.
debug: Resolve cce:/internal/x/cc-fu/webview from cce:/internal/x/cc as external dependency cce:/internal/x/cc-fu/webview.
debug: Resolve cce:/internal/x/cc-fu/tween from cce:/internal/x/cc as external dependency cce:/internal/x/cc-fu/tween.
debug: Resolve cce:/internal/x/cc-fu/terrain from cce:/internal/x/cc as external dependency cce:/internal/x/cc-fu/terrain.
debug: Resolve cce:/internal/x/cc-fu/tiled-map from cce:/internal/x/cc as external dependency cce:/internal/x/cc-fu/tiled-map.
debug: Resolve cce:/internal/x/cc-fu/spine from cce:/internal/x/cc as external dependency cce:/internal/x/cc-fu/spine.
debug: Resolve cce:/internal/x/cc-fu/dragon-bones from cce:/internal/x/cc as external dependency cce:/internal/x/cc-fu/dragon-bones.
debug: Detected change: cce:/internal/x/prerequisite-imports. Last mtime: Fri Jan 02 1970 05:39:02 GMT+0800 (中国标准时间), Current mtime: Thu Jan 01 1970 08:00:15 GMT+0800 (中国标准时间)
debug: Inspect cce:/internal/x/prerequisite-imports
debug: Resolve file:///C:/NewProject/assets/Scripts/battle-pp.ts from cce:/internal/x/prerequisite-imports as file:///C:/NewProject/assets/Scripts/battle-pp.ts.
debug: Resolve file:///C:/NewProject/assets/Scripts/club1.ts from cce:/internal/x/prerequisite-imports as file:///C:/NewProject/assets/Scripts/club1.ts.
debug: Resolve file:///C:/NewProject/assets/Scripts/club2.ts from cce:/internal/x/prerequisite-imports as file:///C:/NewProject/assets/Scripts/club2.ts.
debug: Resolve file:///C:/NewProject/assets/Scripts/battle1.ts from cce:/internal/x/prerequisite-imports as file:///C:/NewProject/assets/Scripts/battle1.ts.
debug: Resolve file:///C:/NewProject/assets/Scripts/diamond1.ts from cce:/internal/x/prerequisite-imports as file:///C:/NewProject/assets/Scripts/diamond1.ts.
debug: Resolve file:///C:/NewProject/assets/Scripts/diamond2.ts from cce:/internal/x/prerequisite-imports as file:///C:/NewProject/assets/Scripts/diamond2.ts.
debug: Resolve file:///C:/NewProject/assets/Scripts/heart1.ts from cce:/internal/x/prerequisite-imports as file:///C:/NewProject/assets/Scripts/heart1.ts.
debug: Resolve file:///C:/NewProject/assets/Scripts/global_variable.ts from cce:/internal/x/prerequisite-imports as file:///C:/NewProject/assets/Scripts/global_variable.ts.
debug: Resolve file:///C:/NewProject/assets/Scripts/heart2.ts from cce:/internal/x/prerequisite-imports as file:///C:/NewProject/assets/Scripts/heart2.ts.
debug: Resolve file:///C:/NewProject/assets/Scripts/spade1.ts from cce:/internal/x/prerequisite-imports as file:///C:/NewProject/assets/Scripts/spade1.ts.
debug: Resolve file:///C:/NewProject/assets/Scripts/spade2.ts from cce:/internal/x/prerequisite-imports as file:///C:/NewProject/assets/Scripts/spade2.ts.
debug: Resolve file:///C:/NewProject/assets/Scripts/return.ts from cce:/internal/x/prerequisite-imports as file:///C:/NewProject/assets/Scripts/return.ts.
debug: Resolve file:///C:/NewProject/assets/Scripts/te.ts from cce:/internal/x/prerequisite-imports as file:///C:/NewProject/assets/Scripts/te.ts.
debug: Resolve file:///C:/NewProject/assets/Scripts/start.ts from cce:/internal/x/prerequisite-imports as file:///C:/NewProject/assets/Scripts/start.ts.
debug: Resolve file:///C:/NewProject/assets/Scripts/time1.ts from cce:/internal/x/prerequisite-imports as file:///C:/NewProject/assets/Scripts/time1.ts.
debug: Resolve file:///C:/NewProject/assets/Scripts/test.ts from cce:/internal/x/prerequisite-imports as file:///C:/NewProject/assets/Scripts/test.ts.
debug: Resolve file:///C:/NewProject/assets/Scripts/time2.ts from cce:/internal/x/prerequisite-imports as file:///C:/NewProject/assets/Scripts/time2.ts.
debug: Resolve file:///C:/NewProject/assets/Scripts/toBattle1.ts from cce:/internal/x/prerequisite-imports as file:///C:/NewProject/assets/Scripts/toBattle1.ts.
debug: Resolve file:///C:/NewProject/assets/Scripts/toBattle2.ts from cce:/internal/x/prerequisite-imports as file:///C:/NewProject/assets/Scripts/toBattle2.ts.
debug: Resolve file:///C:/NewProject/assets/Scripts/toSignIn.ts from cce:/internal/x/prerequisite-imports as file:///C:/NewProject/assets/Scripts/toSignIn.ts.
debug: Resolve file:///C:/NewProject/assets/Scripts/ttt.ts from cce:/internal/x/prerequisite-imports as file:///C:/NewProject/assets/Scripts/ttt.ts.
debug: Target(preview) ends with cost 112.82039999961853ms.
debug: Dispatch build request for time accumulated 1 asset changes.
debug: Build iteration starts.
Number of accumulated asset changes: 1
Feature changed: false
debug: Target(editor) build started.
debug: Detected change: cce:/internal/x/prerequisite-imports. Last mtime: Thu Jan 01 1970 08:00:15 GMT+0800 (中国标准时间), Current mtime: Thu Jan 01 1970 08:19:34 GMT+0800 (中国标准时间)
debug: Inspect cce:/internal/x/prerequisite-imports
debug: Resolve file:///C:/NewProject/assets/Scripts/battle-pp.ts from cce:/internal/x/prerequisite-imports as file:///C:/NewProject/assets/Scripts/battle-pp.ts.
debug: Resolve file:///C:/NewProject/assets/Scripts/club1.ts from cce:/internal/x/prerequisite-imports as file:///C:/NewProject/assets/Scripts/club1.ts.
debug: Resolve file:///C:/NewProject/assets/Scripts/battle1.ts from cce:/internal/x/prerequisite-imports as file:///C:/NewProject/assets/Scripts/battle1.ts.
debug: Resolve file:///C:/NewProject/assets/Scripts/club2.ts from cce:/internal/x/prerequisite-imports as file:///C:/NewProject/assets/Scripts/club2.ts.
debug: Resolve file:///C:/NewProject/assets/Scripts/diamond1.ts from cce:/internal/x/prerequisite-imports as file:///C:/NewProject/assets/Scripts/diamond1.ts.
debug: Resolve file:///C:/NewProject/assets/Scripts/diamond2.ts from cce:/internal/x/prerequisite-imports as file:///C:/NewProject/assets/Scripts/diamond2.ts.
debug: Resolve file:///C:/NewProject/assets/Scripts/global_variable.ts from cce:/internal/x/prerequisite-imports as file:///C:/NewProject/assets/Scripts/global_variable.ts.
debug: Resolve file:///C:/NewProject/assets/Scripts/heart1.ts from cce:/internal/x/prerequisite-imports as file:///C:/NewProject/assets/Scripts/heart1.ts.
debug: Resolve file:///C:/NewProject/assets/Scripts/heart2.ts from cce:/internal/x/prerequisite-imports as file:///C:/NewProject/assets/Scripts/heart2.ts.
debug: Resolve file:///C:/NewProject/assets/Scripts/return.ts from cce:/internal/x/prerequisite-imports as file:///C:/NewProject/assets/Scripts/return.ts.
debug: Resolve file:///C:/NewProject/assets/Scripts/spade1.ts from cce:/internal/x/prerequisite-imports as file:///C:/NewProject/assets/Scripts/spade1.ts.
debug: Resolve file:///C:/NewProject/assets/Scripts/spade2.ts from cce:/internal/x/prerequisite-imports as file:///C:/NewProject/assets/Scripts/spade2.ts.
debug: Resolve file:///C:/NewProject/assets/Scripts/start.ts from cce:/internal/x/prerequisite-imports as file:///C:/NewProject/assets/Scripts/start.ts.
debug: Resolve file:///C:/NewProject/assets/Scripts/te.ts from cce:/internal/x/prerequisite-imports as file:///C:/NewProject/assets/Scripts/te.ts.
debug: Resolve file:///C:/NewProject/assets/Scripts/test.ts from cce:/internal/x/prerequisite-imports as file:///C:/NewProject/assets/Scripts/test.ts.
debug: Resolve file:///C:/NewProject/assets/Scripts/time1.ts from cce:/internal/x/prerequisite-imports as file:///C:/NewProject/assets/Scripts/time1.ts.
debug: Resolve file:///C:/NewProject/assets/Scripts/toBattle1.ts from cce:/internal/x/prerequisite-imports as file:///C:/NewProject/assets/Scripts/toBattle1.ts.
debug: Resolve file:///C:/NewProject/assets/Scripts/time2.ts from cce:/internal/x/prerequisite-imports as file:///C:/NewProject/assets/Scripts/time2.ts.
debug: Resolve file:///C:/NewProject/assets/Scripts/toSignIn.ts from cce:/internal/x/prerequisite-imports as file:///C:/NewProject/assets/Scripts/toSignIn.ts.
debug: Resolve file:///C:/NewProject/assets/Scripts/toBattle2.ts from cce:/internal/x/prerequisite-imports as file:///C:/NewProject/assets/Scripts/toBattle2.ts.
debug: Resolve file:///C:/NewProject/assets/Scripts/ttt.ts from cce:/internal/x/prerequisite-imports as file:///C:/NewProject/assets/Scripts/ttt.ts.
debug: Detected change: file:///C:/NewProject/assets/Scripts/battle1.ts. Last mtime: Mon Oct 25 2021 00:23:24 GMT+0800 (中国标准时间), Current mtime: Tue Oct 26 2021 20:57:01 GMT+0800 (中国标准时间)
debug: Inspect file:///C:/NewProject/assets/Scripts/battle1.ts
debug: Resolve cc from file:///C:/NewProject/assets/Scripts/battle1.ts as cce:/internal/x/cc.
debug: Resolve cc from file:///C:/NewProject/assets/Scripts/battle1.ts as cce:/internal/x/cc.
debug: Target(editor) ends with cost 758.8550000041723ms.
debug: Target(preview) build started.
debug: Detected change: cce:/internal/x/prerequisite-imports. Last mtime: Thu Jan 01 1970 08:00:15 GMT+0800 (中国标准时间), Current mtime: Thu Jan 01 1970 08:19:34 GMT+0800 (中国标准时间)
debug: Inspect cce:/internal/x/prerequisite-imports
debug: Resolve file:///C:/NewProject/assets/Scripts/battle-pp.ts from cce:/internal/x/prerequisite-imports as file:///C:/NewProject/assets/Scripts/battle-pp.ts.
debug: Resolve file:///C:/NewProject/assets/Scripts/club1.ts from cce:/internal/x/prerequisite-imports as file:///C:/NewProject/assets/Scripts/club1.ts.
debug: Resolve file:///C:/NewProject/assets/Scripts/club2.ts from cce:/internal/x/prerequisite-imports as file:///C:/NewProject/assets/Scripts/club2.ts.
debug: Resolve file:///C:/NewProject/assets/Scripts/battle1.ts from cce:/internal/x/prerequisite-imports as file:///C:/NewProject/assets/Scripts/battle1.ts.
debug: Resolve file:///C:/NewProject/assets/Scripts/diamond1.ts from cce:/internal/x/prerequisite-imports as file:///C:/NewProject/assets/Scripts/diamond1.ts.
debug: Resolve file:///C:/NewProject/assets/Scripts/diamond2.ts from cce:/internal/x/prerequisite-imports as file:///C:/NewProject/assets/Scripts/diamond2.ts.
debug: Resolve file:///C:/NewProject/assets/Scripts/global_variable.ts from cce:/internal/x/prerequisite-imports as file:///C:/NewProject/assets/Scripts/global_variable.ts.
debug: Resolve file:///C:/NewProject/assets/Scripts/heart1.ts from cce:/internal/x/prerequisite-imports as file:///C:/NewProject/assets/Scripts/heart1.ts.
debug: Resolve file:///C:/NewProject/assets/Scripts/heart2.ts from cce:/internal/x/prerequisite-imports as file:///C:/NewProject/assets/Scripts/heart2.ts.
debug: Resolve file:///C:/NewProject/assets/Scripts/return.ts from cce:/internal/x/prerequisite-imports as file:///C:/NewProject/assets/Scripts/return.ts.
debug: Resolve file:///C:/NewProject/assets/Scripts/spade1.ts from cce:/internal/x/prerequisite-imports as file:///C:/NewProject/assets/Scripts/spade1.ts.
debug: Resolve file:///C:/NewProject/assets/Scripts/spade2.ts from cce:/internal/x/prerequisite-imports as file:///C:/NewProject/assets/Scripts/spade2.ts.
debug: Resolve file:///C:/NewProject/assets/Scripts/start.ts from cce:/internal/x/prerequisite-imports as file:///C:/NewProject/assets/Scripts/start.ts.
debug: Resolve file:///C:/NewProject/assets/Scripts/te.ts from cce:/internal/x/prerequisite-imports as file:///C:/NewProject/assets/Scripts/te.ts.
debug: Resolve file:///C:/NewProject/assets/Scripts/test.ts from cce:/internal/x/prerequisite-imports as file:///C:/NewProject/assets/Scripts/test.ts.
debug: Resolve file:///C:/NewProject/assets/Scripts/time2.ts from cce:/internal/x/prerequisite-imports as file:///C:/NewProject/assets/Scripts/time2.ts.
debug: Resolve file:///C:/NewProject/assets/Scripts/time1.ts from cce:/internal/x/prerequisite-imports as file:///C:/NewProject/assets/Scripts/time1.ts.
debug: Resolve file:///C:/NewProject/assets/Scripts/toBattle1.ts from cce:/internal/x/prerequisite-imports as file:///C:/NewProject/assets/Scripts/toBattle1.ts.
debug: Resolve file:///C:/NewProject/assets/Scripts/toBattle2.ts from cce:/internal/x/prerequisite-imports as file:///C:/NewProject/assets/Scripts/toBattle2.ts.
debug: Resolve file:///C:/NewProject/assets/Scripts/toSignIn.ts from cce:/internal/x/prerequisite-imports as file:///C:/NewProject/assets/Scripts/toSignIn.ts.
debug: Resolve file:///C:/NewProject/assets/Scripts/ttt.ts from cce:/internal/x/prerequisite-imports as file:///C:/NewProject/assets/Scripts/ttt.ts.
debug: Detected change: file:///C:/NewProject/assets/Scripts/battle1.ts. Last mtime: Mon Oct 25 2021 00:23:24 GMT+0800 (中国标准时间), Current mtime: Tue Oct 26 2021 20:57:01 GMT+0800 (中国标准时间)
debug: Inspect file:///C:/NewProject/assets/Scripts/battle1.ts
debug: Resolve cc from file:///C:/NewProject/assets/Scripts/battle1.ts as cce:/internal/x/cc.
debug: Resolve cc from file:///C:/NewProject/assets/Scripts/battle1.ts as cce:/internal/x/cc.
debug: Target(preview) ends with cost 752.3045999854803ms.
